2023-08-09 15:36:46 Loading main app package /usr/lib/obsidian/obsidian.asar
2023-08-09 15:36:46 Checking for update using Github
2023-08-09 15:36:47 Success.
2023-08-09 15:36:47 Latest version is 1.3.7
2023-08-09 15:36:47 App is up to date.
2023-08-09 15:36:59 Loading main app package /usr/lib/obsidian/obsidian.asar
2023-08-09 15:36:59 Checking for update using Github
2023-08-09 15:36:59 Success.
2023-08-09 15:36:59 Latest version is 1.3.7
2023-08-09 15:36:59 App is up to date.
2023-08-09 15:50:41 Loading main app package /usr/lib/obsidian/obsidian.asar
2023-08-09 15:50:41 Checking for update using Github
2023-08-09 15:50:49 Loading main app package /usr/lib/obsidian/obsidian.asar
2023-08-09 15:50:49 Checking for update using Github
2023-08-09 15:50:50 Success.
2023-08-09 15:50:50 Latest version is 1.3.7
2023-08-09 15:50:50 App is up to date.
2023-08-09 15:50:52 Loading main app package /usr/lib/obsidian/obsidian.asar
2023-08-09 15:50:52 Checking for update using Github
2023-08-09 15:50:52 Success.
2023-08-09 15:50:52 Latest version is 1.3.7
2023-08-09 15:50:52 App is up to date.
2023-08-09 15:50:53 Loading main app package /usr/lib/obsidian/obsidian.asar
2023-08-09 15:50:53 Checking for update using Github
2023-08-09 15:50:56 Loading main app package /usr/lib/obsidian/obsidian.asar
2023-08-09 15:50:56 Checking for update using Github
2023-08-09 15:50:56 Success.
2023-08-09 15:50:56 Latest version is 1.3.7
2023-08-09 15:50:56 App is up to date.
2023-08-09 15:53:01 Loading main app package /usr/lib/obsidian/obsidian.asar
2023-08-09 15:53:01 Checking for update using Github
2023-08-09 15:53:01 Success.
2023-08-09 15:53:01 Latest version is 1.3.7
2023-08-09 15:53:01 App is up to date.
2023-08-09 15:54:08 Checking for update using Github
2023-08-09 15:54:08 Success.
2023-08-09 15:54:08 Latest version is 1.3.7
2023-08-09 15:54:08 App is up to date.
2023-08-09 15:54:09 Checking for update using Github
2023-08-09 15:54:09 Success.
2023-08-09 15:54:09 Latest version is 1.3.7
2023-08-09 15:54:09 App is up to date.
2023-08-09 16:08:10 Loading main app package /usr/lib/obsidian/obsidian.asar
2023-08-09 16:08:11 Checking for update using Github
2023-08-09 16:31:05 Loading main app package /usr/lib/obsidian/obsidian.asar
2023-08-09 16:31:05 Checking for update using Github
2023-08-09 16:31:10 Loading main app package /usr/lib/obsidian/obsidian.asar
2023-08-09 16:36:54 Loading main app package /usr/lib/obsidian/obsidian.asar
2023-08-12 06:27:20 Loading main app package /usr/lib/obsidian/obsidian.asar
2023-08-13 08:23:22 Loading main app package /usr/lib/obsidian/obsidian.asar
2023-08-17 15:21:05 Loading main app package /usr/lib/obsidian/obsidian.asar
2023-08-17 15:33:15 Loading main app package /usr/lib/obsidian/obsidian.asar
2023-08-19 08:33:34 Loading main app package /usr/lib/obsidian/obsidian.asar
2023-08-19 18:29:06 Loading main app package /usr/lib/obsidian/obsidian.asar
2023-08-20 10:35:31 Loading main app package /usr/lib/obsidian/obsidian.asar
2023-08-20 10:36:11 Checking for update using Github
2023-08-20 10:36:11 Success.
2023-08-20 10:36:11 Latest version is 1.3.7
2023-08-20 10:36:11 App is up to date.
2023-08-21 11:47:14 Loading main app package /usr/lib/obsidian/obsidian.asar
2023-08-23 09:25:14 Loading main app package /usr/lib/obsidian/obsidian.asar
2023-08-28 06:58:16 Loading main app package /usr/lib/obsidian/obsidian.asar
2023-08-28 14:15:19 Loading main app package /usr/lib/obsidian/obsidian.asar
2023-08-28 14:28:42 Loading main app package /usr/lib/obsidian/obsidian.asar
2023-08-28 16:11:19 Loading main app package /usr/lib/obsidian/obsidian.asar
